2026-04-09 16:21:55 INFO  EndToEndTest - --- Test Caase Executaion Shuru ho Rhi Hai ---
2026-04-09 16:22:11 INFO  EndToEndTest - UserName Enter Kar Diya gya hai
2026-04-09 16:22:11 INFO  EndToEndTest - Password Enter Kar Diya gya hai
2026-04-09 16:22:12 INFO  EndToEndTest - Login Successfully ho gya he
2026-04-10 13:50:43 INFO  LoginTest - --- Test Caase Executaion Shuru ho Rhi Hai ---
2026-04-10 13:51:04 INFO  LoginTest - Excel se data utha kar login kar diya gaya hai
2026-04-13 14:45:18 INFO  LoginTest - --- Test Caase Executaion Shuru ho Rhi Hai ---
2026-04-13 14:45:43 INFO  LoginTest - Testing login with: standard_user
2026-04-13 14:45:44 INFO  LoginTest - --- Test Caase Executaion Shuru ho Rhi Hai ---
2026-04-13 14:45:47 INFO  LoginTest - Testing login with: 
2026-04-13 14:45:48 INFO  LoginTest - --- Test Caase Executaion Shuru ho Rhi Hai ---
2026-04-13 14:45:50 INFO  LoginTest - Testing login with: 
2026-04-13 14:52:07 INFO  LoginTest - --- Test Caase Executaion Shuru ho Rhi Hai ---
2026-04-13 14:52:14 INFO  LoginTest - Testing login with: standard_user
2026-04-13 14:52:14 INFO  LoginTest - --- Test Caase Executaion Shuru ho Rhi Hai ---
2026-04-13 14:52:17 INFO  LoginTest - Testing login with: 
2026-04-13 14:52:18 INFO  LoginTest - --- Test Caase Executaion Shuru ho Rhi Hai ---
2026-04-13 14:52:20 INFO  LoginTest - Testing login with: 
2026-04-13 14:53:50 INFO  LoginTest - --- Test Caase Executaion Shuru ho Rhi Hai ---
2026-04-13 14:53:55 INFO  LoginTest - Testing login with: standard_user
2026-04-13 14:53:56 INFO  LoginTest - --- Test Caase Executaion Shuru ho Rhi Hai ---
2026-04-13 14:53:59 INFO  LoginTest - Testing login with: 
2026-04-13 14:53:59 INFO  LoginTest - --- Test Caase Executaion Shuru ho Rhi Hai ---
2026-04-13 14:54:02 INFO  LoginTest - Testing login with: 
2026-04-13 14:55:12 INFO  LoginTest - --- Test Caase Executaion Shuru ho Rhi Hai ---
2026-04-13 14:55:18 INFO  LoginTest - Testing login with: standard_user
2026-04-13 14:55:18 INFO  LoginTest - --- Test Caase Executaion Shuru ho Rhi Hai ---
2026-04-13 14:55:27 INFO  LoginTest - Testing login with: 
2026-04-13 14:55:27 INFO  LoginTest - --- Test Caase Executaion Shuru ho Rhi Hai ---
2026-04-13 14:55:30 INFO  LoginTest - Testing login with: 
2026-04-13 14:56:53 INFO  LoginTest - --- Test Caase Executaion Shuru ho Rhi Hai ---
2026-04-13 14:56:58 INFO  LoginTest - Testing login with: standard_user
2026-04-13 14:56:58 INFO  LoginTest - --- Test Caase Executaion Shuru ho Rhi Hai ---
2026-04-13 14:57:01 INFO  LoginTest - Testing login with: 
2026-04-13 14:57:01 INFO  LoginTest - --- Test Caase Executaion Shuru ho Rhi Hai ---
2026-04-13 14:57:04 INFO  LoginTest - Testing login with: 
2026-04-13 15:04:11 INFO  LoginTest - --- Test Caase Executaion Shuru ho Rhi Hai ---
2026-04-13 15:04:22 INFO  LoginTest - Testing login with: standard_user
2026-04-13 15:04:23 INFO  LoginTest - --- Test Caase Executaion Shuru ho Rhi Hai ---
2026-04-13 15:04:26 INFO  LoginTest - Testing login with: 
2026-04-13 15:04:26 INFO  LoginTest - --- Test Caase Executaion Shuru ho Rhi Hai ---
2026-04-13 15:04:30 INFO  LoginTest - Testing login with: 
2026-04-14 11:43:11 INFO  LoginTest - --- Test Caase Executaion Shuru ho Rhi Hai ---
2026-04-14 11:44:48 INFO  LoginTest - Testing login with: standard_user
2026-04-14 11:44:48 INFO  LoginTest - --- Test Caase Executaion Shuru ho Rhi Hai ---
2026-04-14 11:44:58 INFO  LoginTest - Testing login with: problem_user
2026-04-14 11:44:58 INFO  LoginTest - --- Test Caase Executaion Shuru ho Rhi Hai ---
2026-04-14 11:45:06 INFO  LoginTest - Testing login with: 
2026-04-14 12:01:21 INFO  LoginTest - --- Test Caase Executaion Shuru ho Rhi Hai ---
2026-04-14 12:01:27 INFO  LoginTest - --- Test Caase Executaion Shuru ho Rhi Hai ---
2026-04-14 12:01:30 INFO  LoginTest - --- Test Caase Executaion Shuru ho Rhi Hai ---
2026-04-14 12:01:56 INFO  LoginTest - --- Test Caase Executaion Shuru ho Rhi Hai ---
2026-04-14 12:02:00 INFO  LoginTest - --- Test Caase Executaion Shuru ho Rhi Hai ---
2026-04-14 12:02:03 INFO  LoginTest - --- Test Caase Executaion Shuru ho Rhi Hai ---
2026-04-14 12:08:14 INFO  LoginTest - --- Test Caase Executaion Shuru ho Rhi Hai ---
2026-04-14 12:08:20 INFO  LoginTest - --- Test Caase Executaion Shuru ho Rhi Hai ---
2026-04-14 12:18:20 INFO  LoginTest - --- Test Caase Executaion Shuru ho Rhi Hai ---
2026-04-14 12:18:26 INFO  LoginTest - Excel se data utha kar login kar diya gya he : standard_user
2026-04-14 12:27:37 INFO  LoginTest - --- Test Caase Executaion Shuru ho Rhi Hai ---
2026-04-14 12:27:43 INFO  LoginTest - Excel se data utha kar login kar diya gya he : standard_user
2026-04-14 12:44:07 INFO  LoginTest - --- Test Caase Executaion Shuru ho Rhi Hai ---
2026-04-14 12:44:17 INFO  LoginTest - Excel se data utha kar login kar diya gya he : standard_user
2026-04-14 12:44:18 INFO  LoginTest - --- Test Caase Executaion Shuru ho Rhi Hai ---
2026-04-14 12:44:21 INFO  LoginTest - Excel se data utha kar login kar diya gya he : problem_user
2026-04-14 13:01:24 INFO  LoginTest - --- Test Caase Executaion Shuru ho Rhi Hai ---
2026-04-14 13:01:31 INFO  LoginTest - Excel se data utha kar login kar diya gya he : standard_user
2026-04-14 13:01:31 INFO  LoginTest - Excel se data utha kar login kar diya gya he : standard_user
2026-04-14 13:01:31 INFO  LoginTest - --- Test Caase Executaion Shuru ho Rhi Hai ---
2026-04-14 13:01:36 INFO  LoginTest - Excel se data utha kar login kar diya gya he : problem_user
2026-04-14 13:01:36 INFO  LoginTest - Excel se data utha kar login kar diya gya he : problem_user
2026-04-14 13:01:36 INFO  LoginTest - --- Test Caase Executaion Shuru ho Rhi Hai ---
